[2016-01-26 22:56:40] START
[2016-02-15 16:51:04] EDIT scrumLite/models/db.py: -7
[2016-02-15 16:52:30] EDIT scrumLite/models/db.py: 0
[2016-02-15 16:55:20] EDIT scrumLite/models/db.py: 0
[2016-02-15 16:56:08] EDIT scrumLite/models/db.py: 0
[2016-02-15 16:57:00] EDIT scrumLite/models/db.py: 0
[2016-02-15 17:01:39] EDIT scrumLite/models/db.py: 2
[2016-02-15 17:02:39] EDIT scrumLite/models/db.py: 0
[2016-02-15 17:03:48] EDIT scrumLite/models/db.py: 0
[2016-02-15 17:04:51] EDIT scrumLite/models/db.py: 0
[2016-02-15 17:05:23] EDIT scrumLite/models/db.py: 0
[2016-02-15 17:11:27] EDIT scrumLite/models/db.py: 0
[2016-02-15 17:22:11] DELETE scrumLite/controllers/chooseteam.py: -10
[2016-02-15 17:22:15] DELETE scrumLite/controllers/newuserstory.py: -21
[2016-02-15 17:22:20] DELETE scrumLite/controllers/teamform.py: -27
[2016-02-15 17:22:37] CREATE createteam.py: 0
[2016-02-15 17:25:34] EDIT scrumLite/models/db.py: 0
[2016-02-15 17:27:34] EDIT scrumLite/models/db.py: 0
[2016-02-15 17:28:06] EDIT scrumLite/models/db.py: 0
[2016-02-15 17:28:32] EDIT scrumLite/models/db.py: 0
[2016-02-15 17:38:43] EDIT scrumLite/models/db.py: 0
[2016-02-15 17:52:19] EDIT scrumLite/models/db.py: 0
[2016-02-15 17:52:43] EDIT scrumLite/models/db.py: 0
[2016-02-15 18:04:21] EDIT scrumLite/models/db.py: 0
[2016-02-15 18:06:12] EDIT scrumLite/controllers/default.py: 0
[2016-02-15 18:06:33] EDIT scrumLite/controllers/default.py: 0
[2016-02-15 18:15:36] EDIT scrumLite/controllers/createteam.py: 8
[2016-02-15 18:15:44] EDIT scrumLite/controllers/createteam.py: 0
[2016-02-15 18:17:25] CREATE createteam/newteam.html: 0
[2016-02-15 18:19:06] EDIT scrumLite/views/createteam/newteam.html: 0
[2016-02-15 18:20:06] EDIT scrumLite/views/default/index.html: 0
[2016-02-15 18:21:20] EDIT scrumLite/controllers/createteam.py: 0
[2016-02-15 18:21:43] EDIT scrumLite/views/default/index.html: 0
[2016-02-15 18:22:08] DELETE scrumLite/views/createteam/newteam.html: -3
[2016-02-15 18:22:24] CREATE createteam/createteam.html: 0
[2016-02-15 18:22:32] EDIT scrumLite/views/createteam/createteam.html: 0
[2016-02-15 18:22:37] EDIT scrumLite/views/default/index.html: 0
[2016-02-15 18:22:41] EDIT scrumLite/controllers/createteam.py: 0
[2016-02-15 18:23:20] EDIT scrumLite/controllers/createteam.py: 0
[2016-02-15 18:23:34] EDIT scrumLite/controllers/createteam.py: 0
[2016-02-15 18:26:18] EDIT scrumLite/controllers/createteam.py: 0
[2016-02-15 18:31:37] EDIT scrumLite/controllers/createteam.py: 1
[2016-02-15 18:31:45] EDIT scrumLite/controllers/createteam.py: 0
[2016-02-15 18:31:52] EDIT scrumLite/controllers/createteam.py: 0
[2016-02-15 18:37:20] EDIT scrumLite/controllers/createteam.py: 0
[2016-02-15 18:38:47] EDIT scrumLite/controllers/createteam.py: 0
[2016-02-15 18:40:28] EDIT scrumLite/controllers/createteam.py: 0
[2016-02-15 18:46:38] EDIT scrumLite/controllers/createteam.py: 0
[2016-02-15 18:48:05] EDIT scrumLite/controllers/createteam.py: 1
[2016-02-15 18:51:59] EDIT scrumLite/models/db.py: 0
[2016-02-15 18:52:07] EDIT scrumLite/models/db.py: 0
[2016-02-15 18:52:09] EDIT scrumLite/models/db.py: 0
[2016-02-15 18:52:13] EDIT scrumLite/models/db.py: 0
[2016-02-15 18:53:03] EDIT scrumLite/controllers/createteam.py: -1
[2016-02-15 18:53:40] DELETE scrumLite/views/chooseteam/selectTeam.html: -4
[2016-02-15 18:54:48] CREATE invitemembers.py: 0
[2016-02-15 19:02:49] EDIT scrumLite/controllers/invitemembers.py: 6
[2016-02-15 19:03:10] EDIT scrumLite/controllers/invitemembers.py: 0
[2016-02-15 19:03:16] EDIT scrumLite/controllers/invitemembers.py: 0
[2016-02-15 19:03:58] EDIT scrumLite/controllers/invitemembers.py: 0
[2016-02-15 19:04:13] EDIT scrumLite/controllers/invitemembers.py: 0
[2016-02-15 19:04:36] CREATE invitemembers/invitemembers.html: 0
[2016-02-15 19:05:00] EDIT scrumLite/views/invitemembers/invitemembers.html: 0
[2016-02-15 19:05:26] EDIT scrumLite/views/default/index.html: 0
[2016-02-15 19:05:36] EDIT scrumLite/views/default/index.html: 0
[2016-02-15 19:05:51] EDIT scrumLite/views/default/index.html: 0
[2016-02-15 19:05:59] EDIT scrumLite/views/default/index.html: 0
[2016-02-20 11:02:21] EDIT scrumLite/views/default/index.html: 0
[2016-02-20 11:03:51] EDIT scrumLite/controllers/viewteam.py: 0
[2016-02-20 11:16:29] EDIT scrumLite/controllers/invitemembers.py: 0
[2016-02-20 11:22:13] EDIT scrumLite/controllers/invitemembers.py: 1
[2016-02-20 11:22:59] EDIT scrumLite/controllers/invitemembers.py: 0
[2016-02-20 11:25:34] EDIT scrumLite/controllers/invitemembers.py: 1
[2016-02-20 11:28:22] EDIT scrumLite/controllers/invitemembers.py: 2
[2016-02-20 11:29:09] EDIT scrumLite/controllers/invitemembers.py: 4
[2016-02-20 11:34:58] EDIT scrumLite/controllers/invitemembers.py: 2
[2016-02-20 11:36:24] EDIT scrumLite/controllers/invitemembers.py: -1
[2016-02-20 11:36:28] EDIT scrumLite/controllers/invitemembers.py: 0
[2016-02-20 11:38:47] EDIT scrumLite/controllers/invitemembers.py: 1
[2016-02-20 11:39:07] EDIT scrumLite/controllers/invitemembers.py: 0
[2016-02-20 11:39:55] EDIT scrumLite/controllers/invitemembers.py: 0
[2016-02-20 11:43:05] EDIT scrumLite/controllers/invitemembers.py: -1
[2016-02-20 11:48:57] EDIT scrumLite/views/invitemembers/invitemembers.html: 0
[2016-02-20 11:51:32] EDIT scrumLite/controllers/viewteam.py: -1
[2016-02-20 11:51:53] EDIT scrumLite/controllers/createteam.py: 0
[2016-02-20 11:53:38] CREATE manageteam.py: 0
[2016-02-20 11:54:14] CREATE manageteam/manageteam.html: 0
[2016-02-20 11:55:13] EDIT scrumLite/views/manageteam/manageteam.html: 0
[2016-02-20 11:55:23] EDIT scrumLite/views/manageteam/manageteam.html: 0
[2016-02-20 11:56:21] EDIT scrumLite/views/default/index.html: 3
[2016-02-20 11:56:47] EDIT scrumLite/controllers/manageteam.py: 1
[2016-02-20 12:02:41] EDIT scrumLite/controllers/manageteam.py: 2
[2016-02-22 12:42:50] EDIT scrumLite/controllers/team.py: 26
[2016-02-22 12:43:03] EDIT scrumLite/views/team/manageteam.html: 7
[2016-02-22 12:52:47] EDIT scrumLite/controllers/default.py: 1
[2016-02-22 12:53:07] EDIT scrumLite/controllers/default.py: 0
[2016-02-22 12:54:50] EDIT scrumLite/controllers/default.py: 1
[2016-02-22 12:55:44] EDIT scrumLite/controllers/default.py: 0
[2016-02-22 12:56:54] EDIT scrumLite/controllers/default.py: 2
[2016-02-22 12:57:12] EDIT scrumLite/controllers/default.py: 1
[2016-02-22 12:59:10] EDIT scrumLite/controllers/default.py: 0
[2016-03-09 15:19:55] EDIT scrumLite/models/db.py: 1
[2016-03-09 15:21:01] CREATE team/reviewstr.html: 0
[2016-03-09 15:21:22] EDIT scrumLite/views/team/reviewstr.html: 2
[2016-03-09 15:21:55] EDIT scrumLite/controllers/team.py: 15
[2016-03-09 15:23:17] EDIT scrumLite/controllers/team.py: 2
[2016-03-15 19:39:23] EDIT scrum/controllers/default.py: 3
[2016-03-15 19:39:24] EDIT scrum/controllers/default.py: 0
[2016-03-15 19:39:37] EDIT scrum/controllers/default.py: 0
[2016-03-15 19:39:52] EDIT scrum/controllers/default.py: 0
[2016-03-15 19:40:50] EDIT scrum/controllers/default.py: 0
[2016-03-15 19:41:18] EDIT scrum/controllers/default.py: 0
[2016-03-15 19:41:56] EDIT scrum/controllers/default.py: 0
[2016-03-15 19:43:10] EDIT scrum/controllers/default.py: -3
[2016-03-15 19:43:15] EDIT scrum/controllers/default.py: 0
[2016-03-15 19:44:19] EDIT scrum/views/default/index.html: 0
[2016-03-15 19:45:57] EDIT scrum/views/default/index.html: 0
[2016-03-15 19:46:35] EDIT scrum/views/default/index.html: 0
[2016-03-15 19:47:22] EDIT scrum/views/default/index.html: 0
[2016-03-15 19:47:39] EDIT scrum/views/default/index.html: 0
[2016-03-15 19:47:54] EDIT scrum/views/default/index.html: 0
[2016-03-15 19:49:35] EDIT scrum/views/default/index.html: 0
[2016-03-15 19:51:38] EDIT scrum/controllers/default.py: 4
[2016-03-15 19:51:46] EDIT scrum/controllers/default.py: 0
[2016-03-15 19:51:48] EDIT scrum/controllers/default.py: 0
[2016-03-15 19:52:15] EDIT scrum/views/default/index.html: 0
[2016-03-15 19:54:27] EDIT scrum/controllers/default.py: 2
[2016-03-15 19:55:10] EDIT scrum/controllers/default.py: 0
[2016-03-15 19:55:16] EDIT scrum/controllers/default.py: 0
[2016-03-15 19:55:45] EDIT scrum/controllers/default.py: 1
[2016-03-15 19:59:03] EDIT scrum/controllers/default.py: 0
[2016-03-15 19:59:04] EDIT scrum/controllers/default.py: 0
[2016-03-15 19:59:30] EDIT scrum/controllers/default.py: 0
[2016-03-15 19:59:31] EDIT scrum/controllers/default.py: 0
[2016-03-15 20:00:41] EDIT scrum/controllers/default.py: 0
[2016-03-15 20:01:05] EDIT scrum/controllers/default.py: 0
[2016-03-15 20:01:28] EDIT scrum/controllers/default.py: 0
[2016-03-15 20:11:57] EDIT scrum/controllers/default.py: 1
[2016-03-15 20:13:08] EDIT scrum/controllers/default.py: 0
[2016-03-15 20:13:31] EDIT scrum/controllers/default.py: 0
[2016-03-15 20:13:36] EDIT scrum/controllers/default.py: 0
[2016-03-15 20:13:58] EDIT scrum/controllers/default.py: 0
[2016-03-15 20:14:01] EDIT scrum/controllers/default.py: 0
[2016-03-15 20:14:25] EDIT scrum/views/default/index.html: 0
[2016-03-15 20:14:52] EDIT scrum/controllers/default.py: 0
[2016-03-15 20:16:33] EDIT scrum/controllers/default.py: 0
[2016-03-15 20:19:30] EDIT scrum/controllers/default.py: 0
[2016-03-15 20:22:11] EDIT scrum/controllers/default.py: 0
[2016-03-15 20:22:42] EDIT scrum/controllers/default.py: 0
[2016-03-15 20:25:05] EDIT scrum/controllers/default.py: 0
[2016-03-15 20:25:18] EDIT scrum/controllers/default.py: 0
[2016-03-15 20:25:36] EDIT scrum/controllers/default.py: 0
[2016-03-15 20:27:53] EDIT scrum/controllers/default.py: 0
[2016-03-15 20:28:22] EDIT scrum/controllers/default.py: 0
[2016-03-15 20:32:54] EDIT scrum/controllers/default.py: 0
[2016-03-15 20:33:08] EDIT scrum/controllers/default.py: 0
[2016-03-15 20:33:29] EDIT scrum/controllers/default.py: 0
[2016-03-15 20:35:40] EDIT scrum/controllers/default.py: 0
[2016-03-15 20:36:16] EDIT scrum/views/default/index.html: -29
[2016-03-15 20:36:32] EDIT scrum/controllers/default.py: 0
[2016-03-15 20:38:34] EDIT scrum/controllers/default.py: 0
[2016-03-15 20:39:14] EDIT scrum/controllers/default.py: 1
[2016-03-15 20:40:03] EDIT scrum/controllers/default.py: 0
[2016-03-15 20:40:21] EDIT scrum/controllers/default.py: 0
[2016-03-15 20:41:10] EDIT scrum/controllers/default.py: 0
[2016-03-15 20:41:21] EDIT scrum/views/default/index.html: 29
[2016-03-15 20:45:18] EDIT scrum/controllers/default.py: -1
[2016-03-15 20:47:08] EDIT scrum/controllers/default.py: 0
[2016-03-15 20:47:18] EDIT scrum/controllers/default.py: 0
[2016-03-15 20:48:51] EDIT scrum/controllers/default.py: 0
[2016-03-15 20:49:58] EDIT scrum/controllers/default.py: 0
[2016-03-15 20:50:15] EDIT scrum/controllers/default.py: 0
[2016-03-15 20:51:15] EDIT scrum/controllers/default.py: 1
[2016-03-15 20:51:41] EDIT scrum/controllers/default.py: 0
[2016-03-15 20:52:01] EDIT scrum/controllers/default.py: 0
[2016-03-15 20:52:30] EDIT scrum/controllers/default.py: 0
[2016-03-15 20:52:57] EDIT scrum/controllers/default.py: 0
[2016-03-15 20:56:28] EDIT scrum/controllers/default.py: 0
[2016-03-15 20:57:06] EDIT scrum/controllers/default.py: 0
[2016-03-15 20:57:58] EDIT scrum/views/default/index.html: 0
[2016-03-15 20:58:09] EDIT scrum/controllers/default.py: -1
[2016-03-15 20:58:13] EDIT scrum/views/default/index.html: 0
[2016-03-15 20:59:32] EDIT scrum/controllers/default.py: 0
[2016-03-15 20:59:59] EDIT scrum/controllers/default.py: 0
[2016-03-15 21:00:38] EDIT scrum/controllers/default.py: 0
[2016-03-15 21:00:59] EDIT scrum/controllers/default.py: 1
[2016-03-15 21:01:06] EDIT scrum/controllers/default.py: 0
[2016-03-15 21:01:18] EDIT scrum/controllers/default.py: 0
[2016-03-15 21:01:37] EDIT scrum/controllers/default.py: 0
[2016-03-15 21:03:01] EDIT scrum/controllers/default.py: 1
[2016-03-15 21:03:17] EDIT scrum/controllers/default.py: 0
[2016-03-15 21:03:52] EDIT scrum/views/default/index.html: 0
[2016-03-15 21:04:20] EDIT scrum/views/default/index.html: 0
[2016-03-15 21:04:38] EDIT scrum/views/default/index.html: 0
[2016-03-15 21:06:34] EDIT scrum/controllers/default.py: 1
[2016-03-15 21:06:38] EDIT scrum/controllers/default.py: 0
[2016-03-15 21:11:51] EDIT scrum/controllers/default.py: 7
[2016-03-15 21:13:24] EDIT scrum/controllers/default.py: -1
[2016-03-15 21:13:36] EDIT scrum/controllers/default.py: 0
[2016-03-15 21:13:48] EDIT scrum/controllers/default.py: 0
[2016-03-15 21:14:30] EDIT scrum/controllers/default.py: 4
[2016-03-15 21:15:01] EDIT scrum/controllers/default.py: -3
[2016-03-15 21:15:54] EDIT scrum/views/default/index.html: 0
[2016-03-15 21:21:34] EDIT scrum/controllers/default.py: -2
[2016-03-15 21:22:07] EDIT scrum/controllers/default.py: 2
[2016-03-15 21:25:29] EDIT scrum/controllers/default.py: 1
[2016-03-15 21:25:57] EDIT scrum/controllers/default.py: 0
[2016-03-15 21:26:05] EDIT scrum/controllers/default.py: 0
[2016-03-15 21:26:21] EDIT scrum/controllers/default.py: 0
[2016-03-15 21:26:48] EDIT scrum/controllers/default.py: 0
[2016-03-15 21:28:10] EDIT scrum/controllers/default.py: 2
[2016-03-15 21:29:15] EDIT scrum/controllers/default.py: 0
[2016-03-15 21:29:44] EDIT scrum/controllers/default.py: 2
[2016-03-15 21:30:12] EDIT scrum/controllers/default.py: 0
[2016-03-15 21:31:53] EDIT scrum/views/default/index.html: 3
[2016-03-15 21:32:10] EDIT scrum/views/default/index.html: 0
[2016-03-15 21:33:53] EDIT scrum/views/default/index.html: 0
[2016-03-15 21:34:52] EDIT scrum/modules/chats.py: 0
[2016-03-15 21:39:40] EDIT scrum/views/default/index.html: 0
[2016-03-15 21:41:03] EDIT scrum/views/default/index.html: 0
[2016-03-15 21:41:56] EDIT scrum/views/default/index.html: 0
[2016-03-15 21:46:32] EDIT scrum/controllers/default.py: 6
[2016-03-15 21:47:36] EDIT scrum/controllers/default.py: 0
[2016-03-15 21:49:19] EDIT scrum/controllers/default.py: 0
[2016-03-15 21:49:29] EDIT scrum/controllers/default.py: 0
[2016-03-15 21:49:55] EDIT scrum/controllers/default.py: 0
[2016-03-15 21:50:13] EDIT scrum/controllers/default.py: 0
[2016-03-15 21:51:17] EDIT scrum/controllers/default.py: -2
[2016-03-15 21:51:31] EDIT scrum/controllers/default.py: 0
[2016-03-15 21:52:40] EDIT scrum/controllers/default.py: 0
[2016-03-15 21:52:54] EDIT scrum/controllers/default.py: 0
[2016-03-15 21:53:06] EDIT scrum/controllers/default.py: 0
[2016-03-15 21:53:23] EDIT scrum/controllers/default.py: 0
[2016-03-15 21:54:32] EDIT scrum/views/default/index.html: 2
[2016-03-15 21:55:22] EDIT scrum/views/default/index.html: 0
[2016-03-15 21:56:14] EDIT scrum/views/default/index.html: 0
[2016-03-15 21:57:13] EDIT scrum/controllers/default.py: 0
[2016-03-15 22:01:55] EDIT scrum/views/default/index.html: 2
[2016-03-15 22:02:12] EDIT scrum/views/default/index.html: 0
[2016-03-15 22:03:06] EDIT scrum/views/default/index.html: 2
[2016-03-15 22:10:11] EDIT scrum/views/default/show_sprint.html: 0
[2016-03-15 23:07:17] EDIT scrum/models/db.py: 3
[2016-03-15 23:15:11] EDIT scrum/controllers/default.py: 3
[2016-03-15 23:15:26] EDIT scrum/controllers/default.py: 0
[2016-03-15 23:20:59] EDIT scrum/views/default/index.html: 2
[2016-03-15 23:21:12] EDIT scrum/views/default/index.html: 1
[2016-03-15 23:23:50] EDIT scrum/views/default/index.html: 0
[2016-03-15 23:23:55] EDIT scrum/views/default/index.html: 0
[2016-03-15 23:25:00] EDIT scrum/controllers/default.py: 0
[2016-03-15 23:26:47] EDIT scrum/controllers/default.py: 0
[2016-03-15 23:27:12] EDIT scrum/views/default/index.html: 0
[2016-03-15 23:27:49] EDIT scrum/views/default/index.html: -2
[2016-03-15 23:33:23] EDIT scrum/controllers/default.py: 4
[2016-03-15 23:34:52] EDIT scrum/controllers/default.py: 0
[2016-03-15 23:35:17] EDIT scrum/controllers/default.py: 0
[2016-03-15 23:35:41] EDIT scrum/views/default/index.html: 0
[2016-03-15 23:37:02] EDIT scrum/views/default/index.html: 0
[2016-03-15 23:37:24] EDIT scrum/controllers/default.py: 0
[2016-03-15 23:38:47] EDIT scrum/controllers/default.py: 4
[2016-03-15 23:39:32] EDIT scrum/controllers/default.py: 0
[2016-03-15 23:39:48] EDIT scrum/controllers/default.py: 0
[2016-03-15 23:39:52] EDIT scrum/controllers/default.py: 0
[2016-03-15 23:39:52] EDIT scrum/controllers/default.py: 0
[2016-03-15 23:39:53] EDIT scrum/controllers/default.py: 0
[2016-03-15 23:40:14] EDIT scrum/controllers/default.py: 0
[2016-03-15 23:40:51] EDIT scrum/controllers/default.py: 0
[2016-03-15 23:41:42] EDIT scrum/controllers/default.py: 0
[2016-03-15 23:44:02] EDIT scrum/models/db.py: 1
[2016-03-15 23:44:21] EDIT scrum/models/db.py: 0
[2016-03-15 23:46:39] EDIT scrum/views/default/index.html: 3
[2016-03-15 23:46:53] EDIT scrum/views/default/index.html: 0
[2016-03-15 23:46:55] EDIT scrum/views/default/index.html: 0
[2016-03-15 23:48:32] EDIT scrum/controllers/default.py: 1
[2016-03-15 23:49:01] EDIT scrum/views/default/index.html: 0
[2016-03-15 23:50:24] EDIT scrum/views/default/index.html: 0
[2016-03-15 23:55:25] EDIT scrum/views/default/index.html: 0
[2016-03-15 23:56:38] EDIT scrum/views/default/index.html: 0
[2016-03-15 23:57:03] EDIT scrum/views/default/index.html: 0
[2016-03-15 23:58:39] EDIT scrum/views/default/index.html: 0
[2016-03-15 23:58:39] EDIT scrum/views/default/index.html: 0
[2016-03-16 00:04:47] EDIT scrum/controllers/default.py: 1
[2016-03-16 00:04:54] EDIT scrum/controllers/default.py: 0
[2016-03-16 00:05:02] EDIT scrum/controllers/default.py: 0
[2016-03-16 00:06:09] EDIT scrum/controllers/default.py: 0
[2016-03-16 00:06:51] EDIT scrum/views/default/index.html: 2
[2016-03-16 00:07:12] EDIT scrum/views/default/index.html: 1
[2016-03-16 00:07:27] EDIT scrum/views/default/index.html: 0
[2016-03-16 00:08:02] EDIT scrum/views/default/index.html: 0
[2016-03-16 00:09:04] EDIT scrum/views/default/index.html: 0
[2016-03-16 00:09:39] EDIT scrum/views/default/index.html: 0
[2016-03-16 00:09:55] EDIT scrum/views/default/index.html: 0
[2016-03-16 00:10:24] EDIT scrum/views/default/index.html: -1
[2016-03-16 00:10:47] EDIT scrum/views/default/index.html: -7
[2016-03-16 00:11:20] EDIT scrum/views/default/index.html: 6
[2016-03-16 00:11:33] EDIT scrum/views/default/index.html: 1
[2016-03-16 00:11:59] EDIT scrum/views/default/index.html: 0
[2016-03-16 00:12:22] EDIT scrum/views/default/index.html: 0
[2016-03-16 00:12:57] EDIT scrum/controllers/default.py: 1
[2016-03-16 00:13:39] EDIT scrum/views/default/index.html: 0
[2016-03-16 00:14:04] EDIT scrum/views/default/index.html: 1
[2016-03-16 00:14:38] EDIT scrum/views/default/index.html: 0
[2016-03-16 00:19:57] EDIT scrum/controllers/default.py: 0
[2016-03-16 00:20:22] EDIT scrum/views/default/index.html: 0
[2016-03-16 00:20:49] EDIT scrum/controllers/default.py: 0
[2016-03-16 00:23:03] EDIT scrum/controllers/default.py: 2
[2016-03-16 00:23:21] EDIT scrum/views/default/index.html: 0
[2016-03-16 00:24:28] EDIT scrum/views/default/index.html: 0
[2016-03-16 00:25:00] EDIT scrum/views/default/index.html: 0
[2016-03-16 00:26:22] EDIT scrum/views/default/index.html: 0
[2016-03-16 00:26:53] EDIT scrum/views/default/index.html: 0
[2016-03-16 00:29:58] EDIT scrum/views/default/index.html: 0
[2016-03-16 00:30:12] EDIT scrum/models/db.py: 0
[2016-03-16 00:36:22] EDIT scrum/controllers/default.py: 0
[2016-03-16 00:37:12] EDIT scrum/controllers/default.py: 0
[2016-03-16 00:37:29] EDIT scrum/views/default/index.html: 0
[2016-03-16 00:37:56] EDIT scrum/controllers/default.py: -1
[2016-03-16 00:38:30] EDIT scrum/views/default/index.html: 0
[2016-03-16 00:38:47] EDIT scrum/views/default/index.html: 0
[2016-03-16 00:40:54] EDIT scrum/views/default/index.html: 0
[2016-03-16 00:41:04] EDIT scrum/views/default/index.html: 0
[2016-03-16 00:41:48] EDIT scrum/views/default/index.html: -2
[2016-03-16 00:42:08] EDIT scrum/views/default/index.html: 0
[2016-03-16 00:46:40] EDIT scrum/controllers/default.py: 1
[2016-03-16 00:46:56] EDIT scrum/controllers/default.py: 1
[2016-03-16 00:48:11] EDIT scrum/views/default/index.html: 0
[2016-03-16 00:48:28] EDIT scrum/views/default/index.html: 0
[2016-03-16 00:48:36] EDIT scrum/views/default/index.html: 0
[2016-03-16 00:48:57] EDIT scrum/views/default/index.html: 0
[2016-03-16 00:50:00] EDIT scrum/views/team/viewteam.html: -1
[2016-03-16 00:52:49] EDIT scrum/views/default/index.html: -1
[2016-03-16 00:53:23] EDIT scrum/views/team/viewteam.html: 1
[2016-03-16 00:55:16] EDIT scrum/controllers/team.py: 3
[2016-03-16 00:55:51] EDIT scrum/views/team/viewteam.html: 2
[2016-03-16 00:56:06] EDIT scrum/controllers/team.py: 0
[2016-03-16 00:56:21] EDIT scrum/controllers/team.py: 0
[2016-03-16 00:57:24] EDIT scrum/controllers/team.py: 0
[2016-03-16 00:58:52] EDIT scrum/controllers/team.py: 0
[2016-03-16 00:59:30] EDIT scrum/views/team/viewteam.html: 0
[2016-03-16 00:59:35] EDIT scrum/views/team/viewteam.html: -1
[2016-03-16 01:00:13] EDIT scrum/views/team/viewteam.html: 1
[2016-03-16 01:01:03] EDIT scrum/views/team/viewteam.html: 0
[2016-03-16 01:01:19] EDIT scrum/views/team/viewteam.html: 0
[2016-03-16 01:01:39] EDIT scrum/views/team/viewteam.html: 0
[2016-03-16 01:01:56] EDIT scrum/views/default/index.html: 0
[2016-03-16 01:03:52] EDIT scrum/controllers/team.py: 1
[2016-03-16 01:03:53] EDIT scrum/controllers/team.py: 0
[2016-03-16 01:04:49] EDIT scrum/views/team/viewteam.html: 0
[2016-03-16 01:04:51] EDIT scrum/views/team/viewteam.html: 0
[2016-03-16 01:05:56] EDIT scrum/controllers/team.py: 2
[2016-03-16 01:06:12] EDIT scrum/views/team/viewteam.html: 0
[2016-03-16 01:06:32] EDIT scrum/views/team/viewteam.html: 0
[2016-03-16 01:07:25] EDIT scrum/views/default/index.html: 0
[2016-03-16 01:07:58] EDIT scrum/views/default/index.html: -1
[2016-03-16 01:08:09] EDIT scrum/views/default/index.html: 1
[2016-03-16 01:09:02] EDIT scrum/views/team/viewteam.html: 1
[2016-03-16 01:09:32] EDIT scrum/views/team/viewteam.html: 1
[2016-03-16 01:18:42] EDIT scrum/views/team/viewteam.html: -2
[2016-03-16 01:22:34] EDIT scrum/models/db.py: 6
[2016-03-16 01:22:39] EDIT scrum/models/db.py: 0
[2016-03-16 01:25:38] EDIT scrum/controllers/default.py: 78
[2016-03-16 01:26:01] EDIT scrum/controllers/default.py: 0
[2016-03-16 01:27:41] EDIT scrum/controllers/default.py: -22
[2016-03-16 01:33:56] EDIT scrum/views/default/user.html: -6
[2016-03-16 01:37:25] EDIT scrum/models/db.py: -3
[2016-03-16 01:37:47] EDIT scrum/models/db.py: 0
[2016-03-16 01:49:50] EDIT scrum/controllers/default.py: 0
[2016-03-16 01:59:38] EDIT scrum/controllers/default.py: 0
[2016-03-16 01:59:52] EDIT scrum/controllers/default.py: 1
[2016-03-16 02:00:42] EDIT scrum/views/default/user.html: 0
[2016-03-16 02:04:48] EDIT scrum/models/db.py: -1
[2016-03-16 02:07:48] EDIT scrum/models/db.py: 0
[2016-03-16 02:07:59] EDIT scrum/models/db.py: 0
[2016-03-16 02:13:08] EDIT scrum/controllers/default.py: 0
[2016-03-16 02:14:32] EDIT scrum/models/db.py: 0
[2016-03-16 02:17:01] EDIT scrum/models/db.py: 0
