timestamp: 2016-03-07T19:45:08.172628
CREATE TABLE auth_user(
    id INTEGER PRIMARY KEY AUTOINCREMENT,
    first_name CHAR(128),
    last_name CHAR(128),
    email CHAR(512),
    password CHAR(512),
    registration_key CHAR(512),
    reset_password_key CHAR(512),
    registration_id CHAR(512)
);
success!
timestamp: 2016-03-07T19:45:08.176564
CREATE TABLE auth_group(
    id INTEGER PRIMARY KEY AUTOINCREMENT,
    role CHAR(512),
    description TEXT
);
success!
timestamp: 2016-03-07T19:45:08.178678
CREATE TABLE auth_membership(
    id INTEGER PRIMARY KEY AUTOINCREMENT,
    user_id INTEGER REFERENCES auth_user (id) ON DELETE CASCADE  ,
    group_id INTEGER REFERENCES auth_group (id) ON DELETE CASCADE  
);
success!
timestamp: 2016-03-07T19:45:08.180722
CREATE TABLE auth_permission(
    id INTEGER PRIMARY KEY AUTOINCREMENT,
    group_id INTEGER REFERENCES auth_group (id) ON DELETE CASCADE  ,
    name CHAR(512),
    table_name CHAR(512),
    record_id INTEGER
);
success!
timestamp: 2016-03-07T19:45:08.183533
CREATE TABLE auth_event(
    id INTEGER PRIMARY KEY AUTOINCREMENT,
    time_stamp TIMESTAMP,
    client_ip CHAR(512),
    user_id INTEGER REFERENCES auth_user (id) ON DELETE CASCADE  ,
    origin CHAR(512),
    description TEXT
);
success!
timestamp: 2016-03-07T19:45:08.185784
CREATE TABLE auth_cas(
    id INTEGER PRIMARY KEY AUTOINCREMENT,
    user_id INTEGER REFERENCES auth_user (id) ON DELETE CASCADE  ,
    created_on TIMESTAMP,
    service CHAR(512),
    ticket CHAR(512),
    renew CHAR(1)
);
success!
timestamp: 2016-03-07T19:45:08.188000
CREATE TABLE Team(
    id INTEGER PRIMARY KEY AUTOINCREMENT,
    product_owner INTEGER REFERENCES auth_user (id) ON DELETE CASCADE  ,
    product_name CHAR(512),
    team_name CHAR(512),
    team_leader INTEGER REFERENCES auth_user (id) ON DELETE CASCADE  ,
    team_group INTEGER REFERENCES auth_group (id) ON DELETE CASCADE  ,
    product_description TEXT
);
success!
timestamp: 2016-03-07T19:45:08.189730
CREATE TABLE Sprint(
    id INTEGER PRIMARY KEY AUTOINCREMENT,
    sprint_goal CHAR(512),
    start_date DATE,
    end_date DATE,
    team_id INTEGER REFERENCES Team (id) ON DELETE CASCADE  
);
success!
timestamp: 2016-03-07T19:45:08.191502
CREATE TABLE Story(
    id INTEGER PRIMARY KEY AUTOINCREMENT,
    backlogged CHAR(1),
    sprint_id INTEGER REFERENCES Sprint (id) ON DELETE CASCADE  ,
    team_id INTEGER REFERENCES Team (id) ON DELETE CASCADE  ,
    user_story TEXT,
    story_points INTEGER,
    completed CHAR(1),
    created_on TIMESTAMP,
    created_by INTEGER REFERENCES auth_user (id) ON DELETE CASCADE  
);
success!
timestamp: 2016-03-07T19:45:08.193329
CREATE TABLE Task(
    id INTEGER PRIMARY KEY AUTOINCREMENT,
    name CHAR(512),
    status CHAR(512),
    assigned INTEGER REFERENCES auth_user (id) ON DELETE CASCADE  ,
    estimated_completion_time TIMESTAMP,
    task_points INTEGER,
    story_id INTEGER REFERENCES Story (id) ON DELETE CASCADE  
);
success!
timestamp: 2016-03-07T19:45:08.195616
CREATE TABLE Invitations(
    id INTEGER PRIMARY KEY AUTOINCREMENT,
    to_user INTEGER REFERENCES auth_user (id) ON DELETE CASCADE  ,
    from_user INTEGER REFERENCES auth_user (id) ON DELETE CASCADE  ,
    from_group INTEGER REFERENCES auth_group (id) ON DELETE CASCADE  
);
success!
timestamp: 2016-03-07T19:45:08.199696
CREATE TABLE sprint_plan(
    id INTEGER PRIMARY KEY AUTOINCREMENT,
    Heading CHAR(512),
    Goal TEXT,
    created_on TIMESTAMP,
    created_by INTEGER REFERENCES auth_user (id) ON DELETE CASCADE  
);
success!
timestamp: 2016-03-07T19:45:08.201512
CREATE TABLE sprint_review(
    id INTEGER PRIMARY KEY AUTOINCREMENT,
    Things_that_did_not_work TEXT,
    Things_that_worked TEXT,
    Things_to_keep_doing TEXT,
    Unfinished_work TEXT,
    Work_completion_rate TEXT
);
success!
